2006.05.15 13:40 B C:\Documents and Settings\Drew Brock\My Documents\Web\index.htm --> pages.prodigy.net /aug index.htm
2006.05.15 13:40 B C:\Documents and Settings\Drew Brock\My Documents\Web\index.htm --> pages.prodigy.net /aug index.htm
2006.05.18 11:02 B C:\Documents and Settings\The D\My Documents\Web\index.htm --> pages.prodigy.net /aug index.htm
2006.05.18 11:10 B C:\Documents and Settings\The D\My Documents\Web\AUGMedia.htm --> pages.prodigy.net /aug AUGMedia.htm
2006.05.18 11:10 B C:\Documents and Settings\The D\My Documents\Web\index.htm --> pages.prodigy.net /aug index.htm
2006.05.18 11:18 B C:\Documents and Settings\The D\My Documents\Web\index.htm --> pages.prodigy.net /aug index.htm
2006.05.18 11:22 B C:\Documents and Settings\The D\My Documents\Web\index.htm --> pages.prodigy.net /aug index.htm
2006.05.18 11:30 B C:\Documents and Settings\The D\My Documents\Web\index.htm --> pages.prodigy.net /aug index.htm
2006.05.18 11:36 B C:\Documents and Settings\The D\My Documents\Web\index.htm --> pages.prodigy.net /aug index.htm
2006.05.18 11:44 B C:\Documents and Settings\The D\My Documents\Web\index.htm --> pages.prodigy.net /aug index.htm
2006.05.18 11:56 B C:\Documents and Settings\The D\My Documents\Web\index.htm --> pages.prodigy.net /aug index.htm
2006.05.18 12:02 B C:\Documents and Settings\The D\My Documents\Web\index.htm --> pages.prodigy.net /aug index.htm
2006.05.18 12:04 B C:\Documents and Settings\The D\My Documents\Web\index.htm --> pages.prodigy.net /aug index.htm
2006.05.18 12:57 B C:\Documents and Settings\The D\My Documents\Web\index.htm --> pages.prodigy.net /aug index.htm
2006.05.18 12:57 B C:\Documents and Settings\The D\My Documents\Web\AUG.url --> pages.prodigy.net /aug AUG.url
2006.05.18 12:58 B C:\Documents and Settings\The D\My Documents\Web\U_drink.ico --> pages.prodigy.net /aug U_drink.ico
2006.05.18 13:07 B C:\Documents and Settings\The D\My Documents\Web\index.htm --> pages.prodigy.net /aug index.htm
2006.05.18 13:09 B C:\Documents and Settings\The D\My Documents\Web\index.htm --> pages.prodigy.net /aug index.htm
2006.05.18 21:56 B C:\Documents and Settings\The D\My Documents\Web\index.htm --> pages.prodigy.net /aug index.htm
2006.05.18 21:57 B C:\Documents and Settings\The D\My Documents\Web\beermug.gif --> pages.prodigy.net /aug beermug.gif
2006.05.18 22:00 B C:\Documents and Settings\The D\My Documents\Web\index.htm --> pages.prodigy.net /aug index.htm
2006.05.18 22:01 B C:\Documents and Settings\The D\My Documents\Web\index.htm --> pages.prodigy.net /aug index.htm
2006.05.18 22:03 B C:\Documents and Settings\The D\My Documents\Web\index.htm --> pages.prodigy.net /aug index.htm
2006.07.04 14:20 B C:\Documents and Settings\The D\My Documents\Web\HWMNEAA.htm --> pages.prodigy.net /aug HWMNEAA.htm
2006.07.04 14:20 B C:\Documents and Settings\The D\My Documents\Web\AUG Event Roster.htm --> pages.prodigy.net /aug AUG Event Roster.htm
2006.07.04 14:29 B C:\Documents and Settings\The D\My Documents\Web\index.htm --> pages.prodigy.net /aug index.htm
2006.07.04 14:33 B C:\Documents and Settings\The D\My Documents\Web\index.htm --> pages.prodigy.net /aug index.htm
2006.07.04 14:36 B C:\Documents and Settings\The D\My Documents\Web\index.htm --> pages.prodigy.net /aug index.htm
2006.09.21 21:09 B C:\Documents and Settings\The D\My Documents\Web\mean_pitbull.jpg --> pages.prodigy.net / mean_pitbull.jpg
2007.04.30 17:34 B C:\Documents and Settings\The D\My Documents\Web\AUG Finances.htm --> pages.prodigy.net /aug AUG Finances.htm
2007.08.14 12:37 B C:\Documents and Settings\The D\My Documents\Web\shazbot.jpg --> pages.prodigy.net / shazbot.jpg
